<?xml version="1.0" encoding="UTF-8"?>
<testsuite name="GenericsTest" tests="3" skipped="0" failures="0" errors="0" timestamp="2020-10-16T13:40:58" hostname="DESKTOP-UDL4V0I" time="0.003">
  <properties/>
  <testcase name="thirdTest" classname="GenericsTest" time="0.002"/>
  <testcase name="firstTest" classname="GenericsTest" time="0.0"/>
  <testcase name="secondTest" classname="GenericsTest" time="0.0"/>
  <system-out><![CDATA[]]></system-out>
  <system-err><![CDATA[]]></system-err>
</testsuite>
