<?xml version="1.0" encoding="UTF-8"?>
<testsuite name="GenericsTest" tests="3" skipped="0" failures="0" errors="0" timestamp="2020-10-16T14:26:59" hostname="DESKTOP-UDL4V0I" time="0.012">
  <properties/>
  <testcase name="thirdTest" classname="GenericsTest" time="0.008"/>
  <testcase name="firstTest" classname="GenericsTest" time="0.001"/>
  <testcase name="secondTest" classname="GenericsTest" time="0.002"/>
  <system-out><![CDATA[Max of 4,8 and 12 is 12
Max of apple,banana and mango is mango
Max of 4.6,8.3 and 12.5 is 12.5
Max of 12,4 and 8 is 12
Max of 12.5,4.6 and 8.3 is 12.5
Max of mango,banana and apple is mango
Max of 4,12 and 8 is 12
Max of banana,mango and apple is mango
Max of 4.6,12.5 and 8.3 is 12.5
]]></system-out>
  <system-err><![CDATA[]]></system-err>
</testsuite>
